<?xml version="1.0" encoding="UTF-8"?>
<!-- Generated by org.testng.reporters.JUnitXMLReporter -->
<testsuite hostname="DESKTOP-QLTKSRN" ignored="0" name="Test" tests="10" failures="2" timestamp="08 Nov 2020 06:45:02 GMT" time="119.005" errors="0">
  <testcase name="loginPageTitleTest" time="0.289" classname="testcases.LoginPageTest">
    <skipped/>
  </testcase> <!-- loginPageTitleTest -->
  <testcase name="loginPageTitleTest" time="0.108" classname="testcases.LoginPageTest">
    <skipped/>
  </testcase> <!-- loginPageTitleTest -->
  <testcase name="loginPageTitleTest" time="0.112" classname="testcases.LoginPageTest">
    <failure type="java.lang.AssertionError" message="expected:&amp;lt;CRMPRO - CRM software for customer relationship management, sales, and support.&amp;gt; but was:&amp;lt;CRMPR - CRM software for customer relationship management, sales, and support.&amp;gt;">
      <![CDATA[java.lang.AssertionError: expected:<CRMPRO - CRM software for customer relationship management, sales, and support.> but was:<CRMPR - CRM software for customer relationship management, sales, and support.>
	at testcases.LoginPageTest.loginPageTitleTest(LoginPageTest.java:50)
... Removed 31 stack frames]]>
    </failure>
  </testcase> <!-- loginPageTitleTest -->
  <testcase name="verifyHomepageTitle" time="0.052" classname="testcases.HomePageTest">
    <skipped/>
  </testcase> <!-- verifyHomepageTitle -->
  <testcase name="verifyHomepageTitle" time="0.038" classname="testcases.HomePageTest">
    <skipped/>
  </testcase> <!-- verifyHomepageTitle -->
  <testcase name="verifyHomepageTitle" time="0.037" classname="testcases.HomePageTest">
    <failure type="java.lang.AssertionError" message="HomePAge title not match expected [CRMPR] but found [CRMPRO]">
      <![CDATA[java.lang.AssertionError: HomePAge title not match expected [CRMPR] but found [CRMPRO]
	at testcases.HomePageTest.verifyHomepageTitle(HomePageTest.java:42)
... Removed 34 stack frames]]>
    </failure>
  </testcase> <!-- verifyHomepageTitle -->
  <testcase name="LogoImage" time="0.235" classname="testcases.LoginPageTest"/>
  <testcase name="verifyingUserName" time="0.37" classname="testcases.HomePageTest"/>
  <testcase name="loginTest" time="3.52" classname="testcases.LoginPageTest"/>
  <testcase name="verifyContactLink" time="1.954" classname="testcases.HomePageTest"/>
</testsuite> <!-- Test -->
